  --non-interactive is not supported, use $CI=1 instead
Starting project at C:\Users\19723\Desktop\test\android-starter
Using src/app as the root directory for Expo Router.
React Compiler enabled
Starting Metro Bundler

Web node_modules\expo-router\entry.js ░░░░░░░░░░░░░░░░  0.0% (0/1)
Waiting on http://localhost:19006
Logs for your project will appear below.
Web node_modules\expo-router\entry.js ░░░░░░░░░░░░░░░░  0.0% (0/1)
λ node_modules\expo\node_modules\@expo\cli\node_modules\@expo\router-server\node\render.js ░░░░░░░░░░░░░░░░  0.0% (0/1)
Web node_modules\expo-router\entry.js ▓▓▓▓░░░░░░░░░░░░ 25.0% (17/49)
λ node_modules\expo\node_modules\@expo\cli\node_modules\@expo\router-server\node\render.js ▓▓▓▓░░░░░░░░░░░░ 25.0% (193/429)
Web node_modules\expo-router\entry.js ░░░░░░░░░░░░░░░░  0.0% (0/1)
λ node_modules\expo\node_modules\@expo\cli\node_modules\@expo\router-server\node\render.js ░░░░░░░░░░░░░░░░  0.0% (0/1)
Web node_modules\expo-router\entry.js ▓▓▓▓▓▓▓▓░░░░░░░░ 51.3% (426/595)
λ node_modules\expo\node_modules\@expo\cli\node_modules\@expo\router-server\node\render.js ▓▓▓▓▓▓▓▓▓▓░░░░░░ 63.3% (613/793)
Web node_modules\expo-router\entry.js ░░░░░░░░░░░░░░░░  0.0% (0/1)
λ node_modules\expo\node_modules\@expo\cli\node_modules\@expo\router-server\node\render.js ░░░░░░░░░░░░░░░░  0.0% (0/1)
Web node_modules\expo-router\entry.js ░░░░░░░░░░░░░░░░  0.0% (0/1)
λ node_modules\expo\node_modules\@expo\cli\node_modules\@expo\router-server\node\render.js ░░░░░░░░░░░░░░░░  0.0% (0/1)
λ Bundled 10770ms node_modules\expo\node_modules\@expo\cli\node_modules\@expo\router-server\node\render.js (943 modules)
Web node_modules\expo-router\entry.js ▓▓▓▓▓▓▓▓▓▓▓▓▓▓▓░ 97.8% (915/925)
λ node_modules\expo\node_modules\@expo\cli\node_modules\@expo\router-server\node\render.js ▓▓▓▓▓▓▓▓▓▓▓▓▓▓▓░ 98.5% (936/943)
Web node_modules\expo-router\entry.js ░░░░░░░░░░░░░░░░  0.0% (0/1)
λ node_modules\expo\node_modules\@expo\cli\node_modules\@expo\router-server\node\render.js ░░░░░░░░░░░░░░░░  0.0% (0/1)
Web node_modules\expo-router\entry.js ░░░░░░░░░░░░░░░░  0.0% (0/1)
λ node_modules\expo\node_modules\@expo\cli\node_modules\@expo\router-server\node\render.js ░░░░░░░░░░░░░░░░  0.0% (0/1)
λ Bundled 10080ms node_modules\expo\node_modules\@expo\cli\node_modules\@expo\router-server\node\render.js (1 module)
λ Bundled 3892ms node_modules\expo\node_modules\@expo\cli\node_modules\@expo\router-server\node\render.js (1 module)
λ  WARN  props.pointerEvents is deprecated. Use style.pointerEvents 
  console.warn (C:\Users\19723\Desktop\test\android-starter\node_modules\expo\node_modules\@expo\cli\src\start\server\serverLogLikeMetro.ts:177:21)
  warnOnce (C:\Users\19723\Desktop\test\android-starter\node_modules\react-native-web\dist\modules\warnOnce\index.js:24:13)
  createDOMProps (C:\Users\19723\Desktop\test\android-starter\node_modules\react-native-web\dist\modules\createDOMProps\index.js:805:13)
  createElement (C:\Users\19723\Desktop\test\android-starter\node_modules\react-native-web\dist\exports\createElement\index.js:23:32)
  Component (C:\Users\19723\Desktop\test\android-starter\node_modules\react-native-web\dist\exports\View\index.js:111:23)
  Object.callComponentInDEV [as react_stack_bottom_frame] (C:\Users\19723\Desktop\test\android-starter\node_modules\react-dom\cjs\react-dom-server-legacy.node.development.js:9808:18)
  renderWithHooks (C:\Users\19723\Desktop\test\android-starter\node_modules\react-dom\cjs\react-dom-server-legacy.node.development.js:5062:19)
  run (C:\Users\19723\Desktop\test\android-starter\node_modules\react-dom\cjs\react-dom-server-legacy.node.development.js:6017:39)
  retryNode (C:\Users\19723\Desktop\test\android-starter\node_modules\react-dom\cjs\react-dom-server-legacy.node.development.js:6417:31)
  renderNodeDestructive (C:\Users\19723\Desktop\test\android-starter\node_modules\react-dom\cjs\react-dom-server-legacy.node.development.js:6367:11)
λ  WARN  props.pointerEvents is deprecated. Use style.pointerEvents 
  console.warn (C:\Users\19723\Desktop\test\android-starter\node_modules\expo\node_modules\@expo\cli\src\start\server\serverLogLikeMetro.ts:177:21)
  warnOnce (C:\Users\19723\Desktop\test\android-starter\node_modules\react-native-web\dist\modules\warnOnce\index.js:24:13)
  createDOMProps (C:\Users\19723\Desktop\test\android-starter\node_modules\react-native-web\dist\modules\createDOMProps\index.js:805:13)
  createElement (C:\Users\19723\Desktop\test\android-starter\node_modules\react-native-web\dist\exports\createElement\index.js:23:32)
  Component (C:\Users\19723\Desktop\test\android-starter\node_modules\react-native-web\dist\exports\View\index.js:111:23)
  Object.callComponentInDEV [as react_stack_bottom_frame] (C:\Users\19723\Desktop\test\android-starter\node_modules\react-dom\cjs\react-dom-server-legacy.node.development.js:9808:18)
  renderWithHooks (C:\Users\19723\Desktop\test\android-starter\node_modules\react-dom\cjs\react-dom-server-legacy.node.development.js:5062:19)
  run (C:\Users\19723\Desktop\test\android-starter\node_modules\react-dom\cjs\react-dom-server-legacy.node.development.js:6017:39)
  retryNode (C:\Users\19723\Desktop\test\android-starter\node_modules\react-dom\cjs\react-dom-server-legacy.node.development.js:6417:31)
  renderNodeDestructive (C:\Users\19723\Desktop\test\android-starter\node_modules\react-dom\cjs\react-dom-server-legacy.node.development.js:6367:11)
λ  WARN  props.pointerEvents is deprecated. Use style.pointerEvents 
  console.warn (C:\Users\19723\Desktop\test\android-starter\node_modules\expo\node_modules\@expo\cli\src\start\server\serverLogLikeMetro.ts:177:21)
  warnOnce (C:\Users\19723\Desktop\test\android-starter\node_modules\react-native-web\dist\modules\warnOnce\index.js:24:13)
  createDOMProps (C:\Users\19723\Desktop\test\android-starter\node_modules\react-native-web\dist\modules\createDOMProps\index.js:805:13)
  createElement (C:\Users\19723\Desktop\test\android-starter\node_modules\react-native-web\dist\exports\createElement\index.js:23:32)
  Component (C:\Users\19723\Desktop\test\android-starter\node_modules\react-native-web\dist\exports\View\index.js:111:23)
  Object.callComponentInDEV [as react_stack_bottom_frame] (C:\Users\19723\Desktop\test\android-starter\node_modules\react-dom\cjs\react-dom-server-legacy.node.development.js:9808:18)
  renderWithHooks (C:\Users\19723\Desktop\test\android-starter\node_modules\react-dom\cjs\react-dom-server-legacy.node.development.js:5062:19)
  run (C:\Users\19723\Desktop\test\android-starter\node_modules\react-dom\cjs\react-dom-server-legacy.node.development.js:6017:39)
  retryNode (C:\Users\19723\Desktop\test\android-starter\node_modules\react-dom\cjs\react-dom-server-legacy.node.development.js:6417:31)
  renderNodeDestructive (C:\Users\19723\Desktop\test\android-starter\node_modules\react-dom\cjs\react-dom-server-legacy.node.development.js:6367:11)
λ Bundled 54ms node_modules\expo\node_modules\@expo\cli\node_modules\@expo\router-server\node\render.js (1 module)
λ  WARN  props.pointerEvents is deprecated. Use style.pointerEvents 
  console.warn (C:\Users\19723\Desktop\test\android-starter\node_modules\expo\node_modules\@expo\cli\src\start\server\serverLogLikeMetro.ts:177:21)
  warnOnce (C:\Users\19723\Desktop\test\android-starter\node_modules\react-native-web\dist\modules\warnOnce\index.js:24:13)
  createDOMProps (C:\Users\19723\Desktop\test\android-starter\node_modules\react-native-web\dist\modules\createDOMProps\index.js:805:13)
  createElement (C:\Users\19723\Desktop\test\android-starter\node_modules\react-native-web\dist\exports\createElement\index.js:23:32)
  Component (C:\Users\19723\Desktop\test\android-starter\node_modules\react-native-web\dist\exports\View\index.js:111:23)
  Object.callComponentInDEV [as react_stack_bottom_frame] (C:\Users\19723\Desktop\test\android-starter\node_modules\react-dom\cjs\react-dom-server-legacy.node.development.js:9808:18)
  renderWithHooks (C:\Users\19723\Desktop\test\android-starter\node_modules\react-dom\cjs\react-dom-server-legacy.node.development.js:5062:19)
  run (C:\Users\19723\Desktop\test\android-starter\node_modules\react-dom\cjs\react-dom-server-legacy.node.development.js:6017:39)
  retryNode (C:\Users\19723\Desktop\test\android-starter\node_modules\react-dom\cjs\react-dom-server-legacy.node.development.js:6417:31)
  renderNodeDestructive (C:\Users\19723\Desktop\test\android-starter\node_modules\react-dom\cjs\react-dom-server-legacy.node.development.js:6367:11)
Web node_modules\expo-router\entry.js ▓▓▓▓▓▓▓▓▓▓▓▓▓▓▓░ 99.9% (933/933)
Web node_modules\expo-router\entry.js ░░░░░░░░░░░░░░░░  0.0% (0/1)
Web node_modules\expo-router\entry.js ░░░░░░░░░░░░░░░░  0.0% (0/1)
Web node_modules\expo-router\entry.js ░░░░░░░░░░░░░░░░  0.0% (0/1)
Web Bundled 16506ms node_modules\expo-router\entry.js (933 modules)
Web Bundled 15764ms node_modules\expo-router\entry.js (1 module)
Web Bundled 9539ms node_modules\expo-router\entry.js (1 module)
Web Bundled 2611ms node_modules\expo-router\entry.js (1 module)
Web node_modules\expo-router\entry.js ▓▓▓▓░░░░░░░░░░░░ 27.7% (251/488)
Web Bundled 4264ms node_modules\expo-router\entry.js (934 modules)
 LOG  [web] Logs will appear in the browser console
